<?xml version="1.0" encoding="UTF-8"?>
<testng-results skipped="0" failed="1" ignored="0" total="2" passed="1">
  <reporter-output>
  </reporter-output>
  <suite name="Suite" duration-ms="214646" started-at="2019-09-27T12:02:54Z" finished-at="2019-09-27T12:06:29Z">
    <groups>
    </groups>
    <test name="Test" duration-ms="214646" started-at="2019-09-27T12:02:54Z" finished-at="2019-09-27T12:06:29Z">
      <class name="org.trident.servicenow.testcases.TC01_IncidentVerification">
        <test-method status="PASS" signature="setData()[pri:0, instance:org.trident.servicenow.testcases.TC01_IncidentVerification@464bee09]" name="setData" is-config="true" duration-ms="11" started-at="2019-09-27T12:02:54Z" finished-at="2019-09-27T12:02:54Z">
          <reporter-output>
          </reporter-output>
        </test-method> <!-- setData -->
        <test-method status="PASS" signature="startWeb(java.lang.String)[pri:0, instance:org.trident.servicenow.testcases.TC01_IncidentVerification@464bee09]" name="startWeb" is-config="true" duration-ms="32789" started-at="2019-09-27T12:02:55Z" finished-at="2019-09-27T12:03:28Z">
          <params>
            <param index="0">
              <value>
                <![CDATA[https://dev77567.service-now.com]]>
              </value>
            </param>
          </params>
          <reporter-output>
          </reporter-output>
        </test-method> <!-- startWeb -->
        <test-method status="PASS" signature="incidentVerification(java.lang.String, java.lang.String, java.lang.String, java.lang.String, java.lang.String)[pri:0, instance:org.trident.servicenow.testcases.TC01_IncidentVerification@464bee09]" name="incidentVerification" duration-ms="42148" started-at="2019-09-27T12:03:28Z" data-provider="fetchData" finished-at="2019-09-27T12:04:10Z">
          <params>
            <param index="0">
              <value>
                <![CDATA[admin]]>
              </value>
            </param>
            <param index="1">
              <value>
                <![CDATA[India@123]]>
              </value>
            </param>
            <param index="2">
              <value>
                <![CDATA[Incident]]>
              </value>
            </param>
            <param index="3">
              <value>
                <![CDATA[Abel Tuter]]>
              </value>
            </param>
            <param index="4">
              <value>
                <![CDATA[Test 1]]>
              </value>
            </param>
          </params>
          <reporter-output>
          </reporter-output>
        </test-method> <!-- incidentVerification -->
        <test-method status="PASS" signature="closeWeb()[pri:0, instance:org.trident.servicenow.testcases.TC01_IncidentVerification@464bee09]" name="closeWeb" is-config="true" duration-ms="2320" started-at="2019-09-27T12:04:10Z" finished-at="2019-09-27T12:04:13Z">
          <reporter-output>
          </reporter-output>
        </test-method> <!-- closeWeb -->
        <test-method status="PASS" signature="startWeb(java.lang.String)[pri:0, instance:org.trident.servicenow.testcases.TC01_IncidentVerification@464bee09]" name="startWeb" is-config="true" duration-ms="33888" started-at="2019-09-27T12:04:13Z" finished-at="2019-09-27T12:04:47Z">
          <params>
            <param index="0">
              <value>
                <![CDATA[https://dev77567.service-now.com]]>
              </value>
            </param>
          </params>
          <reporter-output>
          </reporter-output>
        </test-method> <!-- startWeb -->
        <test-method status="FAIL" signature="incidentVerification(java.lang.String, java.lang.String, java.lang.String, java.lang.String, java.lang.String)[pri:0, instance:org.trident.servicenow.testcases.TC01_IncidentVerification@464bee09]" name="incidentVerification" duration-ms="100097" started-at="2019-09-27T12:04:47Z" data-provider="fetchData" finished-at="2019-09-27T12:06:27Z">
          <params>
            <param index="0">
              <value>
                <![CDATA[admin]]>
              </value>
            </param>
            <param index="1">
              <value>
                <![CDATA[India@123]]>
              </value>
            </param>
            <param index="2">
              <value>
                <![CDATA[Incident]]>
              </value>
            </param>
            <param index="3">
              <value>
                <![CDATA[Abraham Lincoln]]>
              </value>
            </param>
            <param index="4">
              <value>
                <![CDATA[Test 2]]>
              </value>
            </param>
          </params>
          <exception class="org.openqa.selenium.NoSuchElementException">
            <message>
              <![CDATA[no such element: Unable to locate element: {"method":"xpath","selector":"(//a[@class='linked formlink'])[1]"}
  (Session info: chrome=77.0.3865.90)
For documentation on this error, please visit: https://www.seleniumhq.org/exceptions/no_such_element.html
Build info: version: '3.141.59', revision: 'e82be7d358', time: '2018-11-14T08:17:03'
System info: host: 'TSQA-L038', ip: '192.168.0.69', os.name: 'Windows 7', os.arch: 'amd64', os.version: '6.1', java.version: '1.8.0_191'
Driver info: org.openqa.selenium.chrome.ChromeDriver
Capabilities {acceptInsecureCerts: false, browserName: chrome, browserVersion: 77.0.3865.90, chrome: {chromedriverVersion: 77.0.3865.40 (f484704e052e0..., userDataDir: C:\Users\mohammed\AppData\L...}, goog:chromeOptions: {debuggerAddress: localhost:50691}, javascriptEnabled: true, networkConnectionEnabled: false, pageLoadStrategy: normal, platform: XP, platformName: XP, proxy: Proxy(), setWindowRect: true, strictFileInteractability: false, timeouts: {implicit: 0, pageLoad: 300000, script: 30000}, unhandledPromptBehavior: dismiss and notify}
Session ID: a450c01328c3358544f8bb428bdd71a3
*** Element info: {Using=xpath, value=(//a[@class='linked formlink'])[1]}]]>
            </message>
            <full-stacktrace>
              <![CDATA[org.openqa.selenium.NoSuchElementException: no such element: Unable to locate element: {"method":"xpath","selector":"(//a[@class='linked formlink'])[1]"}
  (Session info: chrome=77.0.3865.90)
For documentation on this error, please visit: https://www.seleniumhq.org/exceptions/no_such_element.html
Build info: version: '3.141.59', revision: 'e82be7d358', time: '2018-11-14T08:17:03'
System info: host: 'TSQA-L038', ip: '192.168.0.69', os.name: 'Windows 7', os.arch: 'amd64', os.version: '6.1', java.version: '1.8.0_191'
Driver info: org.openqa.selenium.chrome.ChromeDriver
Capabilities {acceptInsecureCerts: false, browserName: chrome, browserVersion: 77.0.3865.90, chrome: {chromedriverVersion: 77.0.3865.40 (f484704e052e0..., userDataDir: C:\Users\mohammed\AppData\L...}, goog:chromeOptions: {debuggerAddress: localhost:50691}, javascriptEnabled: true, networkConnectionEnabled: false, pageLoadStrategy: normal, platform: XP, platformName: XP, proxy: Proxy(), setWindowRect: true, strictFileInteractability: false, timeouts: {implicit: 0, pageLoad: 300000, script: 30000}, unhandledPromptBehavior: dismiss and notify}
Session ID: a450c01328c3358544f8bb428bdd71a3
*** Element info: {Using=xpath, value=(//a[@class='linked formlink'])[1]}
at sun.reflect.NativeConstructorAccessorImpl.newInstance0(Native Method)
at sun.reflect.NativeConstructorAccessorImpl.newInstance(Unknown Source)
at sun.reflect.DelegatingConstructorAccessorImpl.newInstance(Unknown Source)
at java.lang.reflect.Constructor.newInstance(Unknown Source)
at org.openqa.selenium.remote.http.W3CHttpResponseCodec.createException(W3CHttpResponseCodec.java:187)
at org.openqa.selenium.remote.http.W3CHttpResponseCodec.decode(W3CHttpResponseCodec.java:122)
at org.openqa.selenium.remote.http.W3CHttpResponseCodec.decode(W3CHttpResponseCodec.java:49)
at org.openqa.selenium.remote.HttpCommandExecutor.execute(HttpCommandExecutor.java:158)
at org.openqa.selenium.remote.service.DriverCommandExecutor.execute(DriverCommandExecutor.java:83)
at org.openqa.selenium.remote.RemoteWebDriver.execute(RemoteWebDriver.java:552)
at org.openqa.selenium.remote.RemoteWebDriver.findElement(RemoteWebDriver.java:323)
at org.openqa.selenium.remote.RemoteWebDriver.findElementByXPath(RemoteWebDriver.java:428)
at org.openqa.selenium.By$ByXPath.findElement(By.java:353)
at org.openqa.selenium.remote.RemoteWebDriver.findElement(RemoteWebDriver.java:315)
at org.openqa.selenium.support.pagefactory.DefaultElementLocator.findElement(DefaultElementLocator.java:69)
at org.openqa.selenium.support.pagefactory.internal.LocatingElementHandler.invoke(LocatingElementHandler.java:38)
at com.sun.proxy.$Proxy12.getText(Unknown Source)
at org.trident.servicenow.pages.ViewIncidentPage.verifyIncidentId(ViewIncidentPage.java:28)
at org.trident.servicenow.testcases.TC01_IncidentVerification.incidentVerification(TC01_IncidentVerification.java:26)
at sun.reflect.NativeMethodAccessorImpl.invoke0(Native Method)
at sun.reflect.NativeMethodAccessorImpl.invoke(Unknown Source)
at sun.reflect.DelegatingMethodAccessorImpl.invoke(Unknown Source)
at java.lang.reflect.Method.invoke(Unknown Source)
at org.testng.internal.MethodInvocationHelper.invokeMethod(MethodInvocationHelper.java:124)
at org.testng.internal.Invoker.invokeMethod(Invoker.java:583)
at org.testng.internal.Invoker.invokeTestMethod(Invoker.java:719)
at org.testng.internal.Invoker.invokeTestMethods(Invoker.java:989)
at org.testng.internal.TestMethodWorker.invokeTestMethods(TestMethodWorker.java:125)
at org.testng.internal.TestMethodWorker.run(TestMethodWorker.java:109)
at org.testng.TestRunner.privateRun(TestRunner.java:648)
at org.testng.TestRunner.run(TestRunner.java:505)
at org.testng.SuiteRunner.runTest(SuiteRunner.java:455)
at org.testng.SuiteRunner.runSequentially(SuiteRunner.java:450)
at org.testng.SuiteRunner.privateRun(SuiteRunner.java:415)
at org.testng.SuiteRunner.run(SuiteRunner.java:364)
at org.testng.SuiteRunnerWorker.runSuite(SuiteRunnerWorker.java:52)
at org.testng.SuiteRunnerWorker.run(SuiteRunnerWorker.java:84)
at org.testng.TestNG.runSuitesSequentially(TestNG.java:1208)
at org.testng.TestNG.runSuitesLocally(TestNG.java:1137)
at org.testng.TestNG.runSuites(TestNG.java:1049)
at org.testng.TestNG.run(TestNG.java:1017)
at org.testng.remote.AbstractRemoteTestNG.run(AbstractRemoteTestNG.java:114)
at org.testng.remote.RemoteTestNG.initAndRun(RemoteTestNG.java:251)
at org.testng.remote.RemoteTestNG.main(RemoteTestNG.java:77)
]]>
            </full-stacktrace>
          </exception> <!-- org.openqa.selenium.NoSuchElementException -->
          <reporter-output>
          </reporter-output>
        </test-method> <!-- incidentVerification -->
        <test-method status="PASS" signature="closeWeb()[pri:0, instance:org.trident.servicenow.testcases.TC01_IncidentVerification@464bee09]" name="closeWeb" is-config="true" duration-ms="2342" started-at="2019-09-27T12:06:27Z" finished-at="2019-09-27T12:06:29Z">
          <reporter-output>
          </reporter-output>
        </test-method> <!-- closeWeb -->
      </class> <!-- org.trident.servicenow.testcases.TC01_IncidentVerification -->
    </test> <!-- Test -->
  </suite> <!-- Suite -->
</testng-results>
